2022-05-23 15:52:32,332 INFO com.example.demo.Demo1Application [restartedMain] Starting Demo1Application using Java 14.0.2 on WINDOWS-BVQNF6J with PID 220 (C:\workspace-batch2\demo-1\target\classes started by Administrator in C:\workspace-batch2\demo-1)
2022-05-23 15:52:32,332 DEBUG com.example.demo.Demo1Application [restartedMain] Running with Spring Boot v2.7.0, Spring v5.3.20
2022-05-23 15:52:32,332 INFO com.example.demo.Demo1Application [restartedMain] No active profile set, falling back to 1 default profile: "default"
2022-05-23 15:52:32,557 INFO com.example.demo.Demo1Application [restartedMain] Started Demo1Application in 0.253 seconds (JVM running for 1392.823)
2022-05-23 15:53:43,132 INFO com.example.demo.Demo1Application [restartedMain] Starting Demo1Application using Java 14.0.2 on WINDOWS-BVQNF6J with PID 220 (C:\workspace-batch2\demo-1\target\classes started by Administrator in C:\workspace-batch2\demo-1)
2022-05-23 15:53:43,133 DEBUG com.example.demo.Demo1Application [restartedMain] Running with Spring Boot v2.7.0, Spring v5.3.20
2022-05-23 15:53:43,133 INFO com.example.demo.Demo1Application [restartedMain] No active profile set, falling back to 1 default profile: "default"
2022-05-23 15:53:43,331 ERROR org.springframework.boot.SpringApplication [restartedMain] Application run failed
org.springframework.beans.factory.UnsatisfiedDependencyException: Error creating bean with name 'orderController': Unsatisfied dependency expressed through field 'service'; nested exception is org.springframework.beans.factory.BeanCreationException: Error creating bean with name 'orderServiceImpl' defined in file [C:\workspace-batch2\demo-1\target\classes\com\example\demo\service\impl\OrderServiceImpl.class]: Instantiation of bean failed; nested exception is org.springframework.beans.BeanInstantiationException: Failed to instantiate [com.example.demo.service.impl.OrderServiceImpl]: Constructor threw exception; nested exception is java.lang.Error: Unresolved compilation problems: 
	The import com.sun.org.slf4j cannot be resolved
	LoggerFactory cannot be resolved

	at org.springframework.beans.factory.annotation.AutowiredAnnotationBeanPostProcessor$AutowiredFieldElement.resolveFieldValue(AutowiredAnnotationBeanPostProcessor.java:659)
	at org.springframework.beans.factory.annotation.AutowiredAnnotationBeanPostProcessor$AutowiredFieldElement.inject(AutowiredAnnotationBeanPostProcessor.java:639)
	at org.springframework.beans.factory.annotation.InjectionMetadata.inject(InjectionMetadata.java:119)
	at org.springframework.beans.factory.annotation.AutowiredAnnotationBeanPostProcessor.postProcessProperties(AutowiredAnnotationBeanPostProcessor.java:399)
	at org.springframework.beans.factory.support.AbstractAutowireCapableBeanFactory.populateBean(AbstractAutowireCapableBeanFactory.java:1431)
	at org.springframework.beans.factory.support.AbstractAutowireCapableBeanFactory.doCreateBean(AbstractAutowireCapableBeanFactory.java:619)
	at org.springframework.beans.factory.support.AbstractAutowireCapableBeanFactory.createBean(AbstractAutowireCapableBeanFactory.java:542)
	at org.springframework.beans.factory.support.AbstractBeanFactory.lambda$doGetBean$0(AbstractBeanFactory.java:335)
	at org.springframework.beans.factory.support.DefaultSingletonBeanRegistry.getSingleton(DefaultSingletonBeanRegistry.java:234)
	at org.springframework.beans.factory.support.AbstractBeanFactory.doGetBean(AbstractBeanFactory.java:333)
	at org.springframework.beans.factory.support.AbstractBeanFactory.getBean(AbstractBeanFactory.java:208)
	at org.springframework.beans.factory.support.DefaultListableBeanFactory.preInstantiateSingletons(DefaultListableBeanFactory.java:953)
	at org.springframework.context.support.AbstractApplicationContext.finishBeanFactoryInitialization(AbstractApplicationContext.java:918)
	at org.springframework.context.support.AbstractApplicationContext.refresh(AbstractApplicationContext.java:583)
	at org.springframework.boot.web.servlet.context.ServletWebServerApplicationContext.refresh(ServletWebServerApplicationContext.java:147)
	at org.springframework.boot.SpringApplication.refresh(SpringApplication.java:734)
	at org.springframework.boot.SpringApplication.refreshContext(SpringApplication.java:408)
	at org.springframework.boot.SpringApplication.run(SpringApplication.java:308)
	at org.springframework.boot.SpringApplication.run(SpringApplication.java:1306)
	at org.springframework.boot.SpringApplication.run(SpringApplication.java:1295)
	at com.example.demo.Demo1Application.main(Demo1Application.java:10)
	at java.base/jdk.internal.reflect.NativeMethodAccessorImpl.invoke0(Native Method)
	at java.base/jdk.internal.reflect.NativeMethodAccessorImpl.invoke(NativeMethodAccessorImpl.java:62)
	at java.base/jdk.internal.reflect.DelegatingMethodAccessorImpl.invoke(DelegatingMethodAccessorImpl.java:43)
	at java.base/java.lang.reflect.Method.invoke(Method.java:564)
	at org.springframework.boot.devtools.restart.RestartLauncher.run(RestartLauncher.java:49)
Caused by: org.springframework.beans.factory.BeanCreationException: Error creating bean with name 'orderServiceImpl' defined in file [C:\workspace-batch2\demo-1\target\classes\com\example\demo\service\impl\OrderServiceImpl.class]: Instantiation of bean failed; nested exception is org.springframework.beans.BeanInstantiationException: Failed to instantiate [com.example.demo.service.impl.OrderServiceImpl]: Constructor threw exception; nested exception is java.lang.Error: Unresolved compilation problems: 
	The import com.sun.org.slf4j cannot be resolved
	LoggerFactory cannot be resolved

	at org.springframework.beans.factory.support.AbstractAutowireCapableBeanFactory.instantiateBean(AbstractAutowireCapableBeanFactory.java:1334)
	at org.springframework.beans.factory.support.AbstractAutowireCapableBeanFactory.createBeanInstance(AbstractAutowireCapableBeanFactory.java:1232)
	at org.springframework.beans.factory.support.AbstractAutowireCapableBeanFactory.doCreateBean(AbstractAutowireCapableBeanFactory.java:582)
	at org.springframework.beans.factory.support.AbstractAutowireCapableBeanFactory.createBean(AbstractAutowireCapableBeanFactory.java:542)
	at org.springframework.beans.factory.support.AbstractBeanFactory.lambda$doGetBean$0(AbstractBeanFactory.java:335)
	at org.springframework.beans.factory.support.DefaultSingletonBeanRegistry.getSingleton(DefaultSingletonBeanRegistry.java:234)
	at org.springframework.beans.factory.support.AbstractBeanFactory.doGetBean(AbstractBeanFactory.java:333)
	at org.springframework.beans.factory.support.AbstractBeanFactory.getBean(AbstractBeanFactory.java:208)
	at org.springframework.beans.factory.config.DependencyDescriptor.resolveCandidate(DependencyDescriptor.java:276)
	at org.springframework.beans.factory.support.DefaultListableBeanFactory.doResolveDependency(DefaultListableBeanFactory.java:1389)
	at org.springframework.beans.factory.support.DefaultListableBeanFactory.resolveDependency(DefaultListableBeanFactory.java:1309)
	at org.springframework.beans.factory.annotation.AutowiredAnnotationBeanPostProcessor$AutowiredFieldElement.resolveFieldValue(AutowiredAnnotationBeanPostProcessor.java:656)
	... 25 common frames omitted
Caused by: org.springframework.beans.BeanInstantiationException: Failed to instantiate [com.example.demo.service.impl.OrderServiceImpl]: Constructor threw exception; nested exception is java.lang.Error: Unresolved compilation problems: 
	The import com.sun.org.slf4j cannot be resolved
	LoggerFactory cannot be resolved

	at org.springframework.beans.BeanUtils.instantiateClass(BeanUtils.java:224)
	at org.springframework.beans.factory.support.SimpleInstantiationStrategy.instantiate(SimpleInstantiationStrategy.java:87)
	at org.springframework.beans.factory.support.AbstractAutowireCapableBeanFactory.instantiateBean(AbstractAutowireCapableBeanFactory.java:1326)
	... 36 common frames omitted
Caused by: java.lang.Error: Unresolved compilation problems: 
	The import com.sun.org.slf4j cannot be resolved
	LoggerFactory cannot be resolved

	at com.example.demo.service.impl.OrderServiceImpl.<init>(OrderServiceImpl.java:8)
	at java.base/jdk.internal.reflect.NativeConstructorAccessorImpl.newInstance0(Native Method)
	at java.base/jdk.internal.reflect.NativeConstructorAccessorImpl.newInstance(NativeConstructorAccessorImpl.java:62)
	at java.base/jdk.internal.reflect.DelegatingConstructorAccessorImpl.newInstance(DelegatingConstructorAccessorImpl.java:45)
	at java.base/java.lang.reflect.Constructor.newInstanceWithCaller(Constructor.java:500)
	at java.base/java.lang.reflect.Constructor.newInstance(Constructor.java:481)
	at org.springframework.beans.BeanUtils.instantiateClass(BeanUtils.java:211)
	... 38 common frames omitted
2022-05-23 15:53:54,988 INFO com.example.demo.Demo1Application [restartedMain] Starting Demo1Application using Java 14.0.2 on WINDOWS-BVQNF6J with PID 220 (C:\workspace-batch2\demo-1\target\classes started by Administrator in C:\workspace-batch2\demo-1)
2022-05-23 15:53:54,989 DEBUG com.example.demo.Demo1Application [restartedMain] Running with Spring Boot v2.7.0, Spring v5.3.20
2022-05-23 15:53:54,989 INFO com.example.demo.Demo1Application [restartedMain] No active profile set, falling back to 1 default profile: "default"
2022-05-23 15:53:55,170 ERROR org.springframework.boot.SpringApplication [restartedMain] Application run failed
org.springframework.beans.factory.UnsatisfiedDependencyException: Error creating bean with name 'orderController': Unsatisfied dependency expressed through field 'service'; nested exception is org.springframework.beans.factory.BeanCreationException: Error creating bean with name 'orderServiceImpl' defined in file [C:\workspace-batch2\demo-1\target\classes\com\example\demo\service\impl\OrderServiceImpl.class]: Instantiation of bean failed; nested exception is org.springframework.beans.BeanInstantiationException: Failed to instantiate [com.example.demo.service.impl.OrderServiceImpl]: Constructor threw exception; nested exception is java.lang.Error: Unresolved compilation problem: 
	LoggerFactory cannot be resolved

	at org.springframework.beans.factory.annotation.AutowiredAnnotationBeanPostProcessor$AutowiredFieldElement.resolveFieldValue(AutowiredAnnotationBeanPostProcessor.java:659)
	at org.springframework.beans.factory.annotation.AutowiredAnnotationBeanPostProcessor$AutowiredFieldElement.inject(AutowiredAnnotationBeanPostProcessor.java:639)
	at org.springframework.beans.factory.annotation.InjectionMetadata.inject(InjectionMetadata.java:119)
	at org.springframework.beans.factory.annotation.AutowiredAnnotationBeanPostProcessor.postProcessProperties(AutowiredAnnotationBeanPostProcessor.java:399)
	at org.springframework.beans.factory.support.AbstractAutowireCapableBeanFactory.populateBean(AbstractAutowireCapableBeanFactory.java:1431)
	at org.springframework.beans.factory.support.AbstractAutowireCapableBeanFactory.doCreateBean(AbstractAutowireCapableBeanFactory.java:619)
	at org.springframework.beans.factory.support.AbstractAutowireCapableBeanFactory.createBean(AbstractAutowireCapableBeanFactory.java:542)
	at org.springframework.beans.factory.support.AbstractBeanFactory.lambda$doGetBean$0(AbstractBeanFactory.java:335)
	at org.springframework.beans.factory.support.DefaultSingletonBeanRegistry.getSingleton(DefaultSingletonBeanRegistry.java:234)
	at org.springframework.beans.factory.support.AbstractBeanFactory.doGetBean(AbstractBeanFactory.java:333)
	at org.springframework.beans.factory.support.AbstractBeanFactory.getBean(AbstractBeanFactory.java:208)
	at org.springframework.beans.factory.support.DefaultListableBeanFactory.preInstantiateSingletons(DefaultListableBeanFactory.java:953)
	at org.springframework.context.support.AbstractApplicationContext.finishBeanFactoryInitialization(AbstractApplicationContext.java:918)
	at org.springframework.context.support.AbstractApplicationContext.refresh(AbstractApplicationContext.java:583)
	at org.springframework.boot.web.servlet.context.ServletWebServerApplicationContext.refresh(ServletWebServerApplicationContext.java:147)
	at org.springframework.boot.SpringApplication.refresh(SpringApplication.java:734)
	at org.springframework.boot.SpringApplication.refreshContext(SpringApplication.java:408)
	at org.springframework.boot.SpringApplication.run(SpringApplication.java:308)
	at org.springframework.boot.SpringApplication.run(SpringApplication.java:1306)
	at org.springframework.boot.SpringApplication.run(SpringApplication.java:1295)
	at com.example.demo.Demo1Application.main(Demo1Application.java:10)
	at java.base/jdk.internal.reflect.NativeMethodAccessorImpl.invoke0(Native Method)
	at java.base/jdk.internal.reflect.NativeMethodAccessorImpl.invoke(NativeMethodAccessorImpl.java:62)
	at java.base/jdk.internal.reflect.DelegatingMethodAccessorImpl.invoke(DelegatingMethodAccessorImpl.java:43)
	at java.base/java.lang.reflect.Method.invoke(Method.java:564)
	at org.springframework.boot.devtools.restart.RestartLauncher.run(RestartLauncher.java:49)
Caused by: org.springframework.beans.factory.BeanCreationException: Error creating bean with name 'orderServiceImpl' defined in file [C:\workspace-batch2\demo-1\target\classes\com\example\demo\service\impl\OrderServiceImpl.class]: Instantiation of bean failed; nested exception is org.springframework.beans.BeanInstantiationException: Failed to instantiate [com.example.demo.service.impl.OrderServiceImpl]: Constructor threw exception; nested exception is java.lang.Error: Unresolved compilation problem: 
	LoggerFactory cannot be resolved

	at org.springframework.beans.factory.support.AbstractAutowireCapableBeanFactory.instantiateBean(AbstractAutowireCapableBeanFactory.java:1334)
	at org.springframework.beans.factory.support.AbstractAutowireCapableBeanFactory.createBeanInstance(AbstractAutowireCapableBeanFactory.java:1232)
	at org.springframework.beans.factory.support.AbstractAutowireCapableBeanFactory.doCreateBean(AbstractAutowireCapableBeanFactory.java:582)
	at org.springframework.beans.factory.support.AbstractAutowireCapableBeanFactory.createBean(AbstractAutowireCapableBeanFactory.java:542)
	at org.springframework.beans.factory.support.AbstractBeanFactory.lambda$doGetBean$0(AbstractBeanFactory.java:335)
	at org.springframework.beans.factory.support.DefaultSingletonBeanRegistry.getSingleton(DefaultSingletonBeanRegistry.java:234)
	at org.springframework.beans.factory.support.AbstractBeanFactory.doGetBean(AbstractBeanFactory.java:333)
	at org.springframework.beans.factory.support.AbstractBeanFactory.getBean(AbstractBeanFactory.java:208)
	at org.springframework.beans.factory.config.DependencyDescriptor.resolveCandidate(DependencyDescriptor.java:276)
	at org.springframework.beans.factory.support.DefaultListableBeanFactory.doResolveDependency(DefaultListableBeanFactory.java:1389)
	at org.springframework.beans.factory.support.DefaultListableBeanFactory.resolveDependency(DefaultListableBeanFactory.java:1309)
	at org.springframework.beans.factory.annotation.AutowiredAnnotationBeanPostProcessor$AutowiredFieldElement.resolveFieldValue(AutowiredAnnotationBeanPostProcessor.java:656)
	... 25 common frames omitted
Caused by: org.springframework.beans.BeanInstantiationException: Failed to instantiate [com.example.demo.service.impl.OrderServiceImpl]: Constructor threw exception; nested exception is java.lang.Error: Unresolved compilation problem: 
	LoggerFactory cannot be resolved

	at org.springframework.beans.BeanUtils.instantiateClass(BeanUtils.java:224)
	at org.springframework.beans.factory.support.SimpleInstantiationStrategy.instantiate(SimpleInstantiationStrategy.java:87)
	at org.springframework.beans.factory.support.AbstractAutowireCapableBeanFactory.instantiateBean(AbstractAutowireCapableBeanFactory.java:1326)
	... 36 common frames omitted
Caused by: java.lang.Error: Unresolved compilation problem: 
	LoggerFactory cannot be resolved

	at com.example.demo.service.impl.OrderServiceImpl.<init>(OrderServiceImpl.java:12)
	at java.base/jdk.internal.reflect.NativeConstructorAccessorImpl.newInstance0(Native Method)
	at java.base/jdk.internal.reflect.NativeConstructorAccessorImpl.newInstance(NativeConstructorAccessorImpl.java:62)
	at java.base/jdk.internal.reflect.DelegatingConstructorAccessorImpl.newInstance(DelegatingConstructorAccessorImpl.java:45)
	at java.base/java.lang.reflect.Constructor.newInstanceWithCaller(Constructor.java:500)
	at java.base/java.lang.reflect.Constructor.newInstance(Constructor.java:481)
	at org.springframework.beans.BeanUtils.instantiateClass(BeanUtils.java:211)
	... 38 common frames omitted
2022-05-23 15:54:03,725 INFO com.example.demo.Demo1Application [restartedMain] Starting Demo1Application using Java 14.0.2 on WINDOWS-BVQNF6J with PID 220 (C:\workspace-batch2\demo-1\target\classes started by Administrator in C:\workspace-batch2\demo-1)
2022-05-23 15:54:03,726 DEBUG com.example.demo.Demo1Application [restartedMain] Running with Spring Boot v2.7.0, Spring v5.3.20
2022-05-23 15:54:03,726 INFO com.example.demo.Demo1Application [restartedMain] No active profile set, falling back to 1 default profile: "default"
2022-05-23 15:54:03,955 INFO com.example.demo.Demo1Application [restartedMain] Started Demo1Application in 0.254 seconds (JVM running for 1484.22)
2022-05-23 15:54:45,001 INFO com.example.demo.Demo1Application [restartedMain] Starting Demo1Application using Java 14.0.2 on WINDOWS-BVQNF6J with PID 220 (C:\workspace-batch2\demo-1\target\classes started by Administrator in C:\workspace-batch2\demo-1)
2022-05-23 15:54:45,001 DEBUG com.example.demo.Demo1Application [restartedMain] Running with Spring Boot v2.7.0, Spring v5.3.20
2022-05-23 15:54:45,001 INFO com.example.demo.Demo1Application [restartedMain] No active profile set, falling back to 1 default profile: "default"
2022-05-23 15:54:45,230 INFO com.example.demo.Demo1Application [restartedMain] Started Demo1Application in 0.254 seconds (JVM running for 1525.495)
2022-05-23 15:55:13,195 INFO com.example.demo.Demo1Application [restartedMain] Starting Demo1Application using Java 14.0.2 on WINDOWS-BVQNF6J with PID 220 (C:\workspace-batch2\demo-1\target\classes started by Administrator in C:\workspace-batch2\demo-1)
2022-05-23 15:55:13,195 DEBUG com.example.demo.Demo1Application [restartedMain] Running with Spring Boot v2.7.0, Spring v5.3.20
2022-05-23 15:55:13,196 INFO com.example.demo.Demo1Application [restartedMain] No active profile set, falling back to 1 default profile: "default"
2022-05-23 15:55:13,415 INFO com.example.demo.Demo1Application [restartedMain] Started Demo1Application in 0.245 seconds (JVM running for 1553.681)
2022-05-23 15:55:24,122 INFO com.example.demo.Demo1Application [restartedMain] Starting Demo1Application using Java 14.0.2 on WINDOWS-BVQNF6J with PID 220 (C:\workspace-batch2\demo-1\target\classes started by Administrator in C:\workspace-batch2\demo-1)
2022-05-23 15:55:24,122 DEBUG com.example.demo.Demo1Application [restartedMain] Running with Spring Boot v2.7.0, Spring v5.3.20
2022-05-23 15:55:24,122 INFO com.example.demo.Demo1Application [restartedMain] No active profile set, falling back to 1 default profile: "default"
2022-05-23 15:55:24,374 INFO com.example.demo.Demo1Application [restartedMain] Started Demo1Application in 0.28 seconds (JVM running for 1564.64)
2022-05-23 15:55:25,877 INFO com.example.demo.Demo1Application [restartedMain] Starting Demo1Application using Java 14.0.2 on WINDOWS-BVQNF6J with PID 220 (C:\workspace-batch2\demo-1\target\classes started by Administrator in C:\workspace-batch2\demo-1)
2022-05-23 15:55:25,877 DEBUG com.example.demo.Demo1Application [restartedMain] Running with Spring Boot v2.7.0, Spring v5.3.20
2022-05-23 15:55:25,877 INFO com.example.demo.Demo1Application [restartedMain] No active profile set, falling back to 1 default profile: "default"
2022-05-23 15:55:26,152 INFO com.example.demo.Demo1Application [restartedMain] Started Demo1Application in 0.299 seconds (JVM running for 1566.417)
2022-05-23 15:55:30,470 INFO com.example.demo.Demo1Application [restartedMain] Starting Demo1Application using Java 14.0.2 on WINDOWS-BVQNF6J with PID 220 (C:\workspace-batch2\demo-1\target\classes started by Administrator in C:\workspace-batch2\demo-1)
2022-05-23 15:55:30,470 DEBUG com.example.demo.Demo1Application [restartedMain] Running with Spring Boot v2.7.0, Spring v5.3.20
2022-05-23 15:55:30,470 INFO com.example.demo.Demo1Application [restartedMain] No active profile set, falling back to 1 default profile: "default"
2022-05-23 15:55:30,731 INFO com.example.demo.Demo1Application [restartedMain] Started Demo1Application in 0.302 seconds (JVM running for 1570.997)
2022-05-23 15:55:37,330 INFO com.example.demo.Demo1Application [restartedMain] Starting Demo1Application using Java 14.0.2 on WINDOWS-BVQNF6J with PID 220 (C:\workspace-batch2\demo-1\target\classes started by Administrator in C:\workspace-batch2\demo-1)
2022-05-23 15:55:37,330 DEBUG com.example.demo.Demo1Application [restartedMain] Running with Spring Boot v2.7.0, Spring v5.3.20
2022-05-23 15:55:37,330 INFO com.example.demo.Demo1Application [restartedMain] No active profile set, falling back to 1 default profile: "default"
2022-05-23 15:55:37,550 INFO com.example.demo.Demo1Application [restartedMain] Started Demo1Application in 0.243 seconds (JVM running for 1577.815)
2022-05-23 15:56:01,111 INFO com.example.demo.Demo1Application [restartedMain] Starting Demo1Application using Java 14.0.2 on WINDOWS-BVQNF6J with PID 5272 (C:\workspace-batch2\demo-1\target\classes started by Administrator in C:\workspace-batch2\demo-1)
2022-05-23 15:56:01,113 DEBUG com.example.demo.Demo1Application [restartedMain] Running with Spring Boot v2.7.0, Spring v5.3.20
2022-05-23 15:56:01,114 INFO com.example.demo.Demo1Application [restartedMain] No active profile set, falling back to 1 default profile: "default"
2022-05-23 15:56:02,548 INFO com.example.demo.Demo1Application [restartedMain] Started Demo1Application in 1.782 seconds (JVM running for 2.663)
2022-05-23 15:57:46,707 INFO com.example.demo.service.impl.OrderServiceImpl [http-nio-8080-exec-1] checking for item name : MI
2022-05-23 15:58:02,085 INFO com.example.demo.service.impl.OrderServiceImpl [http-nio-8080-exec-3] checking for item name : MI
2022-05-23 15:58:03,327 INFO com.example.demo.service.impl.OrderServiceImpl [http-nio-8080-exec-4] checking for item name : MI
2022-05-23 16:01:31,830 INFO com.example.demo.Demo1Application [restartedMain] Starting Demo1Application using Java 14.0.2 on WINDOWS-BVQNF6J with PID 5272 (C:\workspace-batch2\demo-1\target\classes started by Administrator in C:\workspace-batch2\demo-1)
2022-05-23 16:01:31,830 DEBUG com.example.demo.Demo1Application [restartedMain] Running with Spring Boot v2.7.0, Spring v5.3.20
2022-05-23 16:01:31,830 INFO com.example.demo.Demo1Application [restartedMain] No active profile set, falling back to 1 default profile: "default"
2022-05-23 16:01:32,276 INFO com.example.demo.Demo1Application [restartedMain] Started Demo1Application in 0.484 seconds (JVM running for 332.393)
2022-05-23 16:02:04,302 INFO com.example.demo.Demo1Application [restartedMain] Starting Demo1Application using Java 14.0.2 on WINDOWS-BVQNF6J with PID 5272 (C:\workspace-batch2\demo-1\target\classes started by Administrator in C:\workspace-batch2\demo-1)
2022-05-23 16:02:04,302 DEBUG com.example.demo.Demo1Application [restartedMain] Running with Spring Boot v2.7.0, Spring v5.3.20
2022-05-23 16:02:04,303 INFO com.example.demo.Demo1Application [restartedMain] No active profile set, falling back to 1 default profile: "default"
2022-05-23 16:02:04,587 INFO com.example.demo.Demo1Application [restartedMain] Started Demo1Application in 0.316 seconds (JVM running for 364.704)
2022-05-23 16:02:54,918 INFO com.example.demo.Demo1Application [restartedMain] Starting Demo1Application using Java 14.0.2 on WINDOWS-BVQNF6J with PID 5272 (C:\workspace-batch2\demo-1\target\classes started by Administrator in C:\workspace-batch2\demo-1)
2022-05-23 16:02:54,918 DEBUG com.example.demo.Demo1Application [restartedMain] Running with Spring Boot v2.7.0, Spring v5.3.20
2022-05-23 16:02:54,918 INFO com.example.demo.Demo1Application [restartedMain] No active profile set, falling back to 1 default profile: "default"
2022-05-23 16:02:55,203 INFO com.example.demo.Demo1Application [restartedMain] Started Demo1Application in 0.316 seconds (JVM running for 415.32)
